- this file is to keep track of full runs on my laptop and see cpu usage and
time to finish

Run 1:
Final summary: scheduled=3698 completed=3698 changed=2546 no_change=1068 
failed=84 request_failures=84 normalization_failures=0 database_failures=0 
inserted=28924 updated=28696 deleted=30190 skipped=18077 filtered=54838 
normalized_jobs=130535 aborted=0 
queue_peak=2 elapsed_seconds=1109.15 cpu_user_seconds=42.17 
cpu_system_seconds=3.26 max_rss_kb=80728 request_seconds_total=249.75 
normalize_seconds_total=8.79 db_seconds_total=28.82 request_ms_p50=42.7 
request_ms_p95=93.8 normalize_ms_p50=1.1 normalize_ms_p95=9.7 
db_ms_p50=5.2 db_ms_p95=21.0

The above run had a bug in the psycpg.async db writes and was not writing


Run 2:
Final summary: scheduled=3698 completed=3698 changed=2433 no_change=1181 
failed=84 request_failures=84 normalization_failures=0 database_failures=0 
inserted=27760 updated=27427 deleted=29149 skipped=20484 filtered=54839 
normalized_jobs=130510 aborted=0 queue_peak=1 elapsed_seconds=1109.16 
cpu_user_seconds=38.68 cpu_system_seconds=3.01 max_rss_kb=80104 
request_seconds_total=238.37 normalize_seconds_total=8.54 
db_seconds_total=56.94 request_ms_p50=42.4 request_ms_p95=63.0 
normalize_ms_p50=0.9 normalize_ms_p95=9.5 db_ms_p50=14.4 db_ms_p95=26.5

